<?xml version="1.0" encoding="UTF-8"?>
<!-- Generated by org.testng.reporters.JUnitReportReporter -->
<testsuite hostname="LAPTOP-KAR4A207" failures="0" tests="4" name="api.test.UserTests2" time="8.995" errors="0" timestamp="2024-12-30T15:51:51 IST" skipped="0">
  <testcase classname="api.test.UserTests2" name="testPostUser" time="3.810"/>
  <testcase classname="api.test.UserTests2" name="testGetUserByName" time="1.308"/>
  <testcase classname="api.test.UserTests2" name="testUpdateUserByName" time="2.590"/>
  <testcase classname="api.test.UserTests2" name="deleteUserByName" time="1.287"/>
</testsuite> <!-- api.test.UserTests2 -->
