<?xml version="1.0" encoding="UTF-8"?>
<!-- Generated by org.testng.reporters.JUnitReportReporter -->
<testsuite hostname="LAPTOP-KAR4A207" failures="0" tests="4" name="api.test.UserTests" time="8.189" errors="0" timestamp="2024-12-30T14:45:52 IST" skipped="0">
  <testcase classname="api.test.UserTests" name="testPostUser" time="2.961"/>
  <testcase classname="api.test.UserTests" name="testGetUserByName" time="1.308"/>
  <testcase classname="api.test.UserTests" name="testUpdateUserByName" time="2.625"/>
  <testcase classname="api.test.UserTests" name="deleteUserByName" time="1.295"/>
</testsuite> <!-- api.test.UserTests -->
